<?xml version="1.0" encoding="UTF-8"?>
<testsuite xmlns:xsi="http://www.w3.org/2001/XMLSchema-instance" xsi:schemaLocation="https://maven.apache.org/surefire/maven-surefire-plugin/xsd/surefire-test-report.xsd" name="wikipediaScraping.TestWikipediaHTMLExtractor" time="30.626" tests="8" errors="0" skipped="0" failures="0">
  <properties>
[...]
</properties>
  <testcase name="testColumnNameOfTable" classname="wikipediaScraping.TestWikipediaHTMLExtractor" time="0.01"/>
  <testcase name="testIsNumeric" classname="wikipediaScraping.TestWikipediaHTMLExtractor" time="0.016"/>
  <testcase name="testHtmlParser_notnull" classname="wikipediaScraping.TestWikipediaHTMLExtractor" time="0.565"/>
  <testcase name="testScraper_number_table" classname="wikipediaScraping.TestWikipediaHTMLExtractor" time="0.101"/>
  <testcase name="testScraper_build_table_one" classname="wikipediaScraping.TestWikipediaHTMLExtractor" time="26.851"/>
  <testcase name="testScraper_build_table_two" classname="wikipediaScraping.TestWikipediaHTMLExtractor" time="2.964"/>
  <testcase name="testHtmlParser_null" classname="wikipediaScraping.TestWikipediaHTMLExtractor" time="0.075"/>
  <testcase name="testCSVRowsColumnsNumber" classname="wikipediaScraping.TestWikipediaHTMLExtractor" time="0.002"/>
</testsuite>